<?xml version="1.0" encoding="UTF-8"?>
<!-- Generated by org.testng.reporters.JUnitReportReporter -->
<testsuite skipped="0" hostname="MSDESBACKUP" name="com.MS.Zeenyx.Testcases.Zeenyx_RequestInformation" tests="1" failures="0" timestamp="2021-03-16T12:04:33 IST" time="23.638" errors="0">
  <testcase name="ZeenyxTestcase" time="23.638" classname="com.MS.Zeenyx.Testcases.Zeenyx_RequestInformation"/>
  <system-out/>
</testsuite> <!-- com.MS.Zeenyx.Testcases.Zeenyx_RequestInformation -->
